Failed to start or connect to the Nx Daemon process.

Messages from the log:
Fetching nx...
[NX v22.2.7 Daemon Server] - 2025-12-17T11:34:14.357Z - [WATCHER]: Stopping the watcher for c:\Users\AR3\Documents\GitHub\nest-js-api-gateway (sources)
[NX v22.2.7 Daemon Server] - 2025-12-17T11:34:14.358Z - Time taken for 'Load Nx Plugin: c:\Users\AR3\Documents\GitHub\nest-js-api-gateway\node_modules\nx\src\plugins\package-json' 542.5947999999999ms
[NX v22.2.7 Daemon Server] - 2025-12-17T11:34:14.358Z - [WATCHER]: Stopping the watcher for c:\Users\AR3\Documents\GitHub\nest-js-api-gateway (outputs)
[NX v22.2.7 Daemon Server] - 2025-12-17T11:34:14.359Z - Server stopped because: "this process is no longer the current daemon (native)"
Time for 'plugin worker 33708 code loading' 6.277199999999997
Time for 'plugin worker 33616 code loading' 6.6982
Time for 'plugin worker 33500 code loading' 5.8568
[NX v22.2.7 Daemon Server] - 2025-12-17T11:34:15.227Z - [REQUEST]: Updated workspace context based on watched changes, recomputing project graph...
[NX v22.2.7 Daemon Server] - 2025-12-17T11:34:15.227Z - [REQUEST]: 
[NX v22.2.7 Daemon Server] - 2025-12-17T11:34:15.227Z - [REQUEST]: 
Time for 'nx/core/project-json:createNodes' 0.19589999999999463
Time for 'nx/core/package-json:createNodes' 1.0051000000000272
Time for 'nx/js/dependencies-and-lockfile:createNodes' 6.056499999999971
Time for 'build typescript dependencies' 0.1312000000000353
[NX v22.2.7 Daemon Server] - 2025-12-17T11:34:15.276Z - [SYNC]: collect registered sync generators
[NX v22.2.7 Daemon Server] - 2025-12-17T11:34:16.213Z - [NX-CONSOLE]: Failed to use latest Nx, falling back to local implementation. Error: Command failed: npm install -D nx@latest --ignore-scripts
^C
DEBUG nx::native::ide::install: Detected editor: Unknown



More information: c:\Users\AR3\Documents\GitHub\nest-js-api-gateway\.nx\workspace-data\d\daemon.log